<?xml version="1.0" encoding="UTF-8"?>
<testng-results ignored="0" total="3" passed="3" failed="0" skipped="0">
  <reporter-output>
  </reporter-output>
  <suite started-at="2022-03-18T06:43:19 IST" name="Suite" finished-at="2022-03-18T06:44:17 IST" duration-ms="58156">
    <groups>
    </groups>
    <test started-at="2022-03-18T06:43:19 IST" name="Test" finished-at="2022-03-18T06:44:17 IST" duration-ms="58156">
      <class name="testScripts.TwitetrPgae">
        <test-method is-config="true" signature="openApp()[pri:0, instance:testScripts.TwitetrPgae@482bce4f]" started-at="2022-03-18T06:43:53 IST" name="openApp" finished-at="2022-03-18T06:43:58 IST" duration-ms="4835" status="PASS">
          <reporter-output>
          </reporter-output>
        </test-method> <!-- openApp -->
        <test-method signature="tc3()[pri:0, instance:testScripts.TwitetrPgae@482bce4f]" started-at="2022-03-18T06:43:58 IST" name="tc3" finished-at="2022-03-18T06:44:16 IST" duration-ms="17911" status="PASS">
          <reporter-output>
          </reporter-output>
        </test-method> <!-- tc3 -->
        <test-method is-config="true" signature="closeApp(org.testng.ITestResult)[pri:0, instance:testScripts.TwitetrPgae@482bce4f]" started-at="2022-03-18T06:44:16 IST" name="closeApp" finished-at="2022-03-18T06:44:17 IST" duration-ms="1187" status="PASS">
          <params>
            <param index="0">
              <value>
                <![CDATA[[TestResult name=tc3 status=SUCCESS method=TwitetrPgae.tc3()[pri:0, instance:testScripts.TwitetrPgae@482bce4f] output={null}]]]>
              </value>
            </param>
          </params>
          <reporter-output>
          </reporter-output>
        </test-method> <!-- closeApp -->
      </class> <!-- testScripts.TwitetrPgae -->
      <class name="testScripts.Facebook">
        <test-method is-config="true" signature="openApp()[pri:0, instance:testScripts.Facebook@55b53d44]" started-at="2022-03-18T06:43:40 IST" name="openApp" finished-at="2022-03-18T06:43:46 IST" duration-ms="5314" status="PASS">
          <reporter-output>
          </reporter-output>
        </test-method> <!-- openApp -->
        <test-method signature="tc2()[pri:0, instance:testScripts.Facebook@55b53d44]" started-at="2022-03-18T06:43:46 IST" name="tc2" finished-at="2022-03-18T06:43:52 IST" duration-ms="6050" status="PASS">
          <reporter-output>
          </reporter-output>
        </test-method> <!-- tc2 -->
        <test-method is-config="true" signature="closeApp(org.testng.ITestResult)[pri:0, instance:testScripts.Facebook@55b53d44]" started-at="2022-03-18T06:43:52 IST" name="closeApp" finished-at="2022-03-18T06:43:53 IST" duration-ms="1090" status="PASS">
          <params>
            <param index="0">
              <value>
                <![CDATA[[TestResult name=tc2 status=SUCCESS method=Facebook.tc2()[pri:0, instance:testScripts.Facebook@55b53d44] output={null}]]]>
              </value>
            </param>
          </params>
          <reporter-output>
          </reporter-output>
        </test-method> <!-- closeApp -->
      </class> <!-- testScripts.Facebook -->
      <class name="testScripts.AddingTocart">
        <test-method is-config="true" signature="openApp()[pri:0, instance:testScripts.AddingTocart@5fa07e12]" started-at="2022-03-18T06:43:19 IST" name="openApp" finished-at="2022-03-18T06:43:28 IST" duration-ms="8897" status="PASS">
          <reporter-output>
          </reporter-output>
        </test-method> <!-- openApp -->
        <test-method signature="tc1()[pri:0, instance:testScripts.AddingTocart@5fa07e12]" started-at="2022-03-18T06:43:28 IST" name="tc1" finished-at="2022-03-18T06:43:39 IST" duration-ms="11477" status="PASS">
          <reporter-output>
          </reporter-output>
        </test-method> <!-- tc1 -->
        <test-method is-config="true" signature="closeApp(org.testng.ITestResult)[pri:0, instance:testScripts.AddingTocart@5fa07e12]" started-at="2022-03-18T06:43:39 IST" name="closeApp" finished-at="2022-03-18T06:43:40 IST" duration-ms="1250" status="PASS">
          <params>
            <param index="0">
              <value>
                <![CDATA[[TestResult name=tc1 status=SUCCESS method=AddingTocart.tc1()[pri:0, instance:testScripts.AddingTocart@5fa07e12] output={null}]]]>
              </value>
            </param>
          </params>
          <reporter-output>
          </reporter-output>
        </test-method> <!-- closeApp -->
      </class> <!-- testScripts.AddingTocart -->
    </test> <!-- Test -->
  </suite> <!-- Suite -->
</testng-results>
